<?xml version="1.0" encoding="UTF-8"?>
<!-- Generated by org.testng.reporters.JUnitReportReporter -->
<testsuite ignored="0" hostname="pramith" failures="0" tests="1" name="TestNGDemo" time="14.431" errors="0" timestamp="27 Apr 2020 16:48:54 GMT" skipped="0">
  <testcase classname="TestNGDemo" name="googlesearch" time="14.431"/>
</testsuite> <!-- TestNGDemo -->
