<?xml version="1.0" encoding="UTF-8"?>
<!-- Generated by org.testng.reporters.JUnitReportReporter -->
<testsuite ignored="0" hostname="pramith" failures="0" tests="1" name="firstSeleniumTest.ExtentReportsTestNG" time="0.097" errors="0" timestamp="28 Apr 2020 13:56:21 GMT" skipped="0">
  <testcase classname="firstSeleniumTest.ExtentReportsTestNG" name="test1" time="0.097"/>
</testsuite> <!-- firstSeleniumTest.ExtentReportsTestNG -->
