<?xml version="1.0" encoding="UTF-8"?>
<!-- Generated by org.testng.reporters.JUnitReportReporter -->
<testsuite ignored="1" hostname="pramith" failures="0" tests="1" name="firstSeleniumTest.TestNGDemo" time="27.693" errors="0" timestamp="14 Jun 2020 11:51:13 GMT" skipped="0">
  <testcase classname="firstSeleniumTest.TestNGDemo" name="googlesearch" time="27.693"/>
  <testcase classname="firstSeleniumTest.TestNGDemo2" name="googlesearch2">
    <skipped/>
  </testcase> <!-- googlesearch2 -->
</testsuite> <!-- firstSeleniumTest.TestNGDemo -->
